<?xml version="1.0" encoding="UTF-8"?>
<testng-results ignored="0" total="1" passed="1" failed="0" skipped="0">
  <reporter-output>
  </reporter-output>
  <suite started-at="2024-05-03T02:24:08 IST" name="Default suite" finished-at="2024-05-03T02:25:16 IST" duration-ms="67190">
    <groups>
    </groups>
    <test started-at="2024-05-03T02:24:08 IST" name="Default test" finished-at="2024-05-03T02:25:16 IST" duration-ms="67190">
      <class name="TestCases.TCG_Flipkart">
        <test-method is-config="true" signature="setUpMe()[pri:0, instance:TestCases.TCG_Flipkart@5b444398]" started-at="2024-05-03T02:24:08 IST" name="setUpMe" finished-at="2024-05-03T02:24:08 IST" duration-ms="226" status="PASS">
          <reporter-output>
          </reporter-output>
        </test-method> <!-- setUpMe -->
        <test-method is-config="true" signature="setupTest()[pri:0, instance:TestCases.TCG_Flipkart@5b444398]" started-at="2024-05-03T02:24:08 IST" name="setupTest" finished-at="2024-05-03T02:24:11 IST" duration-ms="2991" status="PASS">
          <reporter-output>
          </reporter-output>
        </test-method> <!-- setupTest -->
        <test-method signature="navigateFlipkart()[pri:0, instance:TestCases.TCG_Flipkart@5b444398]" started-at="2024-05-03T02:24:11 IST" name="navigateFlipkart" finished-at="2024-05-03T02:25:14 IST" duration-ms="62428" status="PASS">
          <reporter-output>
          </reporter-output>
        </test-method> <!-- navigateFlipkart -->
        <test-method is-config="true" signature="teardown()[pri:0, instance:TestCases.TCG_Flipkart@5b444398]" started-at="2024-05-03T02:25:14 IST" name="teardown" finished-at="2024-05-03T02:25:16 IST" duration-ms="1734" status="PASS">
          <reporter-output>
          </reporter-output>
        </test-method> <!-- teardown -->
      </class> <!-- TestCases.TCG_Flipkart -->
    </test> <!-- Default test -->
  </suite> <!-- Default suite -->
</testng-results>
